mode: set
github.com/bilginyuksel/cordova-plugin-helper/parser/xml_parser.go:13.49,15.33 1 1
github.com/bilginyuksel/cordova-plugin-helper/parser/xml_parser.go:18.2,19.16 2 1
github.com/bilginyuksel/cordova-plugin-helper/parser/xml_parser.go:23.2,28.21 5 1
github.com/bilginyuksel/cordova-plugin-helper/parser/xml_parser.go:15.33,17.3 1 1
github.com/bilginyuksel/cordova-plugin-helper/parser/xml_parser.go:19.16,21.3 1 1
github.com/bilginyuksel/cordova-plugin-helper/parser/xml_parser.go:32.55,34.33 1 1
github.com/bilginyuksel/cordova-plugin-helper/parser/xml_parser.go:37.2,40.14 4 1
github.com/bilginyuksel/cordova-plugin-helper/parser/xml_parser.go:34.33,36.3 1 1
github.com/bilginyuksel/cordova-plugin-helper/parser/xml_parser.go:75.54,77.38 2 1
github.com/bilginyuksel/cordova-plugin-helper/parser/xml_parser.go:88.2,88.29 1 1
github.com/bilginyuksel/cordova-plugin-helper/parser/xml_parser.go:77.38,80.21 3 1
github.com/bilginyuksel/cordova-plugin-helper/parser/xml_parser.go:80.21,86.4 2 1
github.com/bilginyuksel/cordova-plugin-helper/parser/xml_parser.go:92.53,94.36 2 1
github.com/bilginyuksel/cordova-plugin-helper/parser/xml_parser.go:109.2,109.24 1 1
github.com/bilginyuksel/cordova-plugin-helper/parser/xml_parser.go:94.36,97.19 3 1
github.com/bilginyuksel/cordova-plugin-helper/parser/xml_parser.go:97.19,103.40 3 1
github.com/bilginyuksel/cordova-plugin-helper/parser/xml_parser.go:106.4,106.43 1 1
github.com/bilginyuksel/cordova-plugin-helper/parser/xml_parser.go:103.40,105.5 1 0
github.com/bilginyuksel/cordova-plugin-helper/parser/xml_parser.go:220.45,223.2 2 1
github.com/bilginyuksel/cordova-plugin-helper/writer/licence_writer.go:10.91,12.16 2 1
github.com/bilginyuksel/cordova-plugin-helper/writer/licence_writer.go:15.2,17.16 3 1
github.com/bilginyuksel/cordova-plugin-helper/writer/licence_writer.go:20.2,21.52 2 1
github.com/bilginyuksel/cordova-plugin-helper/writer/licence_writer.go:12.16,14.3 1 1
github.com/bilginyuksel/cordova-plugin-helper/writer/licence_writer.go:17.16,19.3 1 0
github.com/bilginyuksel/cordova-plugin-helper/writer/licence_writer.go:24.54,29.46 5 1
github.com/bilginyuksel/cordova-plugin-helper/writer/licence_writer.go:36.2,36.13 1 1
github.com/bilginyuksel/cordova-plugin-helper/writer/licence_writer.go:29.46,32.73 3 1
github.com/bilginyuksel/cordova-plugin-helper/writer/licence_writer.go:32.73,34.4 1 1
github.com/bilginyuksel/cordova-plugin-helper/writer/licence_writer.go:39.76,41.8 2 1
github.com/bilginyuksel/cordova-plugin-helper/writer/licence_writer.go:44.2,49.18 6 1
github.com/bilginyuksel/cordova-plugin-helper/writer/licence_writer.go:41.8,43.3 1 0
github.com/bilginyuksel/cordova-plugin-helper/writer/licence_writer.go:53.39,58.21 5 1
github.com/bilginyuksel/cordova-plugin-helper/writer/licence_writer.go:61.2,62.16 2 1
github.com/bilginyuksel/cordova-plugin-helper/writer/licence_writer.go:58.21,60.3 1 1
github.com/bilginyuksel/cordova-plugin-helper/writer/licence_writer.go:65.26,66.16 1 1
github.com/bilginyuksel/cordova-plugin-helper/writer/licence_writer.go:66.16,67.13 1 0
github.com/bilginyuksel/cordova-plugin-helper/reader/reader.go:8.53,10.82 2 1
github.com/bilginyuksel/cordova-plugin-helper/reader/reader.go:19.2,19.19 1 1
github.com/bilginyuksel/cordova-plugin-helper/reader/reader.go:10.82,11.17 1 1
github.com/bilginyuksel/cordova-plugin-helper/reader/reader.go:14.3,14.20 1 1
github.com/bilginyuksel/cordova-plugin-helper/reader/reader.go:17.3,17.13 1 1
github.com/bilginyuksel/cordova-plugin-helper/reader/reader.go:11.17,13.4 1 1
github.com/bilginyuksel/cordova-plugin-helper/reader/reader.go:14.20,16.4 1 1
github.com/bilginyuksel/cordova-plugin-helper/main.go:14.13,16.2 1 0
github.com/bilginyuksel/cordova-plugin-helper/main.go:18.25,22.2 3 0
github.com/bilginyuksel/cordova-plugin-helper/main.go:25.39,26.16 1 1
github.com/bilginyuksel/cordova-plugin-helper/main.go:30.2,31.16 2 1
github.com/bilginyuksel/cordova-plugin-helper/main.go:34.2,40.12 6 1
github.com/bilginyuksel/cordova-plugin-helper/main.go:26.16,28.3 1 1
github.com/bilginyuksel/cordova-plugin-helper/main.go:31.16,33.3 1 0
github.com/bilginyuksel/cordova-plugin-helper/main.go:44.72,45.23 1 1
github.com/bilginyuksel/cordova-plugin-helper/main.go:48.2,49.16 2 1
github.com/bilginyuksel/cordova-plugin-helper/main.go:53.2,53.26 1 1
github.com/bilginyuksel/cordova-plugin-helper/main.go:60.2,60.12 1 1
github.com/bilginyuksel/cordova-plugin-helper/main.go:45.23,47.3 1 1
github.com/bilginyuksel/cordova-plugin-helper/main.go:49.16,51.3 1 0
github.com/bilginyuksel/cordova-plugin-helper/main.go:53.26,55.46 2 1
github.com/bilginyuksel/cordova-plugin-helper/main.go:55.46,57.4 1 1
github.com/bilginyuksel/cordova-plugin-helper/main.go:64.49,66.2 1 0
github.com/bilginyuksel/cordova-plugin-helper/main.go:69.49,71.2 1 0
github.com/bilginyuksel/cordova-plugin-helper/generator/plugin_generator.go:4.67,6.2 0 1
