mode: set
github.com/bilginyuksel/cordova-plugin-helper/parser/xml_parser.go:12.49,14.33 1 1
github.com/bilginyuksel/cordova-plugin-helper/parser/xml_parser.go:17.2,18.16 2 1
github.com/bilginyuksel/cordova-plugin-helper/parser/xml_parser.go:22.2,27.21 5 1
github.com/bilginyuksel/cordova-plugin-helper/parser/xml_parser.go:14.33,16.3 1 1
github.com/bilginyuksel/cordova-plugin-helper/parser/xml_parser.go:18.16,20.3 1 1
github.com/bilginyuksel/cordova-plugin-helper/parser/xml_parser.go:31.55,33.33 1 1
github.com/bilginyuksel/cordova-plugin-helper/parser/xml_parser.go:37.2,40.14 4 1
github.com/bilginyuksel/cordova-plugin-helper/parser/xml_parser.go:33.33,35.3 1 1
github.com/bilginyuksel/cordova-plugin-helper/parser/xml_parser.go:182.45,185.2 2 1
github.com/bilginyuksel/cordova-plugin-helper/writer/licence_writer.go:27.71,29.16 2 1
github.com/bilginyuksel/cordova-plugin-helper/writer/licence_writer.go:32.2,34.21 3 1
github.com/bilginyuksel/cordova-plugin-helper/writer/licence_writer.go:37.2,38.16 2 1
github.com/bilginyuksel/cordova-plugin-helper/writer/licence_writer.go:41.2,41.52 1 1
github.com/bilginyuksel/cordova-plugin-helper/writer/licence_writer.go:29.16,31.3 1 1
github.com/bilginyuksel/cordova-plugin-helper/writer/licence_writer.go:34.21,36.3 1 1
github.com/bilginyuksel/cordova-plugin-helper/writer/licence_writer.go:38.16,40.3 1 0
github.com/bilginyuksel/cordova-plugin-helper/writer/licence_writer.go:44.54,48.21 4 1
github.com/bilginyuksel/cordova-plugin-helper/writer/licence_writer.go:51.2,51.46 1 1
github.com/bilginyuksel/cordova-plugin-helper/writer/licence_writer.go:59.2,59.13 1 1
github.com/bilginyuksel/cordova-plugin-helper/writer/licence_writer.go:48.21,50.3 1 0
github.com/bilginyuksel/cordova-plugin-helper/writer/licence_writer.go:51.46,54.73 3 0
github.com/bilginyuksel/cordova-plugin-helper/writer/licence_writer.go:57.3,57.27 1 0
github.com/bilginyuksel/cordova-plugin-helper/writer/licence_writer.go:54.73,56.4 1 0
github.com/bilginyuksel/cordova-plugin-helper/writer/licence_writer.go:62.56,65.8 2 1
github.com/bilginyuksel/cordova-plugin-helper/writer/licence_writer.go:70.2,72.16 2 1
github.com/bilginyuksel/cordova-plugin-helper/writer/licence_writer.go:76.2,81.16 3 1
github.com/bilginyuksel/cordova-plugin-helper/writer/licence_writer.go:85.2,90.16 3 1
github.com/bilginyuksel/cordova-plugin-helper/writer/licence_writer.go:94.2,97.21 2 1
github.com/bilginyuksel/cordova-plugin-helper/writer/licence_writer.go:102.2,102.38 1 1
github.com/bilginyuksel/cordova-plugin-helper/writer/licence_writer.go:106.2,109.16 3 1
github.com/bilginyuksel/cordova-plugin-helper/writer/licence_writer.go:112.2,113.16 2 1
github.com/bilginyuksel/cordova-plugin-helper/writer/licence_writer.go:117.2,118.16 2 1
github.com/bilginyuksel/cordova-plugin-helper/writer/licence_writer.go:121.2,122.16 2 1
github.com/bilginyuksel/cordova-plugin-helper/writer/licence_writer.go:125.2,125.18 1 1
github.com/bilginyuksel/cordova-plugin-helper/writer/licence_writer.go:65.8,67.3 1 0
github.com/bilginyuksel/cordova-plugin-helper/writer/licence_writer.go:72.16,74.3 1 1
github.com/bilginyuksel/cordova-plugin-helper/writer/licence_writer.go:81.16,83.3 1 0
github.com/bilginyuksel/cordova-plugin-helper/writer/licence_writer.go:90.16,92.3 1 0
github.com/bilginyuksel/cordova-plugin-helper/writer/licence_writer.go:97.21,100.3 2 1
github.com/bilginyuksel/cordova-plugin-helper/writer/licence_writer.go:102.38,104.3 1 0
github.com/bilginyuksel/cordova-plugin-helper/writer/licence_writer.go:109.16,111.3 1 0
github.com/bilginyuksel/cordova-plugin-helper/writer/licence_writer.go:113.16,115.3 1 0
github.com/bilginyuksel/cordova-plugin-helper/writer/licence_writer.go:118.16,120.3 1 0
github.com/bilginyuksel/cordova-plugin-helper/writer/licence_writer.go:122.16,124.3 1 0
github.com/bilginyuksel/cordova-plugin-helper/main.go:13.13,20.2 3 0
github.com/bilginyuksel/cordova-plugin-helper/main.go:22.53,24.82 2 1
github.com/bilginyuksel/cordova-plugin-helper/main.go:33.2,33.19 1 1
github.com/bilginyuksel/cordova-plugin-helper/main.go:24.82,25.17 1 1
github.com/bilginyuksel/cordova-plugin-helper/main.go:28.3,28.20 1 1
github.com/bilginyuksel/cordova-plugin-helper/main.go:31.3,31.13 1 1
github.com/bilginyuksel/cordova-plugin-helper/main.go:25.17,27.4 1 1
github.com/bilginyuksel/cordova-plugin-helper/main.go:28.20,30.4 1 1
